{"level":"warn","message":"Route: /avatar/ Method: GET Error: Ruta no implementada","timestamp":"2023-01-03 09:54:31"}
{"level":"warn","message":"Route: /avatar/ Method: GET Error: Ruta no implementada","timestamp":"2023-01-03 13:58:50"}
{"level":"warn","message":"Route: /avatar/ Method: GET Error: Ruta no implementada","timestamp":"2023-01-03 14:41:18"}
{"level":"warn","message":"Route: /socket.io/socket.io.js Method: GET Error: Ruta no implementada","timestamp":"2023-01-18 17:47:56"}
{"level":"warn","message":"Route: /socket.io/socket.io.js Method: GET Error: Ruta no implementada","timestamp":"2023-01-18 17:48:46"}
{"level":"warn","message":"Route: /api/productos/ Method: GET Error: Ruta no implementada","timestamp":"2023-01-23 16:59:46"}
{"level":"warn","message":"Route: /api/productos/view Method: GET Error: Ruta no implementada","timestamp":"2023-01-23 17:00:26"}
{"level":"warn","message":"Route: /avatar/ Method: GET Error: Ruta no implementada","timestamp":"2023-01-23 17:00:26"}
{"level":"warn","message":"Route: /api/productos/ Method: GET Error: Ruta no implementada","timestamp":"2023-01-23 17:00:28"}
{"level":"warn","message":"Route: /avatar/ Method: GET Error: Ruta no implementada","timestamp":"2023-01-23 17:00:29"}
{"level":"warn","message":"Route: /avatar/ Method: GET Error: Ruta no implementada","timestamp":"2023-01-30 17:06:13"}
{"level":"warn","message":"Route: /avatar/ Method: GET Error: Ruta no implementada","timestamp":"2023-01-30 17:07:57"}
{"level":"warn","message":"Route: /avatar/ Method: GET Error: Ruta no implementada","timestamp":"2023-01-30 17:08:42"}
{"level":"warn","message":"Route: /category/otra Method: GET Error: Ruta no implementada","timestamp":"2023-01-30 17:42:21"}
{"level":"warn","message":"Route: /productos/carrito/addProduct Method: POST Error: Ruta no implementada","timestamp":"2023-01-30 17:54:26"}
{"level":"warn","message":"Route: /productos/categoria/productos Method: POST Error: Ruta no implementada","timestamp":"2023-01-30 17:57:27"}
{"level":"warn","message":"Route: /productos/productos Method: POST Error: Ruta no implementada","timestamp":"2023-01-30 17:59:37"}
{"level":"warn","message":"Route: /chat/my Method: GET Error: Ruta no implementada","timestamp":"2023-01-30 18:13:40"}
{"level":"warn","message":"Route: /chat/personal Method: GET Error: Ruta no implementada","timestamp":"2023-01-30 18:13:56"}
{"level":"warn","message":"Route: /personal Method: GET Error: Ruta no implementada","timestamp":"2023-01-30 18:14:26"}
{"level":"warn","message":"Route: /personal Method: GET Error: Ruta no implementada","timestamp":"2023-01-30 18:17:11"}
{"level":"warn","message":"Route: /graphql Method: GET Error: Ruta no implementada","timestamp":"2023-01-31 09:32:19"}
{"level":"warn","message":"Route: /avatar/ Method: GET Error: Ruta no implementada","timestamp":"2023-01-31 09:32:19"}
{"level":"warn","message":"Route: /unfetch.umd.js.map Method: GET Error: Ruta no implementada","timestamp":"2023-01-31 09:36:19"}
{"level":"warn","message":"Route: /graphiql.min.js.map Method: GET Error: Ruta no implementada","timestamp":"2023-01-31 09:36:19"}
{"level":"warn","message":"Route: /graphiql.min.js.map Method: GET Error: Ruta no implementada","timestamp":"2023-01-31 10:04:23"}
{"level":"warn","message":"Route: /unfetch.umd.js.map Method: GET Error: Ruta no implementada","timestamp":"2023-01-31 10:04:23"}
{"level":"warn","message":"Route: /unfetch.umd.js.map Method: GET Error: Ruta no implementada","timestamp":"2023-01-31 10:19:38"}
{"level":"warn","message":"Route: /graphiql.min.js.map Method: GET Error: Ruta no implementada","timestamp":"2023-01-31 10:19:39"}
{"level":"warn","message":"Route: /unfetch.umd.js.map Method: GET Error: Ruta no implementada","timestamp":"2023-01-31 10:39:31"}
{"level":"warn","message":"Route: /graphiql.min.js.map Method: GET Error: Ruta no implementada","timestamp":"2023-01-31 10:39:32"}
{"level":"warn","message":"Route: /graphq Method: GET Error: Ruta no implementada","timestamp":"2023-01-31 10:46:08"}
{"level":"warn","message":"Route: /avatar/ Method: GET Error: Ruta no implementada","timestamp":"2023-01-31 10:46:08"}
{"level":"warn","message":"Route: /unfetch.umd.js.map Method: GET Error: Ruta no implementada","timestamp":"2023-01-31 10:46:16"}
{"level":"warn","message":"Route: /graphiql.min.js.map Method: GET Error: Ruta no implementada","timestamp":"2023-01-31 10:46:16"}
{"level":"warn","message":"Route: /unfetch.umd.js.map Method: GET Error: Ruta no implementada","timestamp":"2023-01-31 10:48:43"}
{"level":"warn","message":"Route: /graphiql.min.js.map Method: GET Error: Ruta no implementada","timestamp":"2023-01-31 10:48:44"}
{"level":"warn","message":"Route: /unfetch.umd.js.map Method: GET Error: Ruta no implementada","timestamp":"2023-01-31 10:55:14"}
{"level":"warn","message":"Route: /graphiql.min.js.map Method: GET Error: Ruta no implementada","timestamp":"2023-01-31 10:55:15"}
{"level":"warn","message":"Route: /unfetch.umd.js.map Method: GET Error: Ruta no implementada","timestamp":"2023-01-31 11:13:40"}
{"level":"warn","message":"Route: /graphiql.min.js.map Method: GET Error: Ruta no implementada","timestamp":"2023-01-31 11:13:41"}
{"level":"warn","message":"Route: /unfetch.umd.js.map Method: GET Error: Ruta no implementada","timestamp":"2023-01-31 11:55:51"}
{"level":"warn","message":"Route: /graphiql.min.js.map Method: GET Error: Ruta no implementada","timestamp":"2023-01-31 11:55:52"}
